Arguments: 
  C:\Program Files\nodejs\node.exe C:\Users\jacob\AppData\Roaming\npm\node_modules\yarn\bin\yarn.js run dev

PATH: 
  C:\Program Files\Common Files\Oracle\Java\javapath;C:\Program Files (x86)\Common Files\Intel\Shared Libraries\redist\intel64\compiler;C:\Windows\system32;C:\Windows;C:\Windows\System32\Wbem;C:\Windows\System32\WindowsPowerShell\v1.0\;C:\Windows\System32\OpenSSH\;C:\Program Files (x86)\NVIDIA Corporation\PhysX\Common;C:\Program Files\NVIDIA Corporation\NVIDIA NvDLISR;C:\Program Files\nodejs\;C:\ProgramData\chocolatey\bin;C:\Program Files\Git\cmd;;C:\Program Files\Docker\Docker\resources\bin;C:\ProgramData\DockerDesktop\version-bin;C:\Program Files\dotnet\;C:\Program Files\Go\bin;C:\Users\jacob\scoop\shims;C:\Program Files\GraalVM\bin;C:\Program Files\Java\jdk-17.0.1\bin;C:\Users\jacob\.cargo\bin;C:\Users\jacob\AppData\Local\Microsoft\WindowsApps;C:\Users\jacob\AppData\Local\gitkraken\bin;C:\Users\jacob\AppData\Roaming\npm;C:\Users\jacob\AppData\Local\Programs\Microsoft VS Code\bin;C:\Server\nginx;"C:\Users\jacob\AppData\Roaming\npm;C:\Program Files\Common Files\Oracle\Java\javapath;C:\Program Files (x86)\Common Files\Intel\Shared Libraries\redist\intel64\compiler;C:\Windows\system32;C:\Windows;C:\Windows\System32\Wbem;C:\Windows\System32\WindowsPowerShell\v1.0\;C:\Windows\System32\OpenSSH\;C:\Program Files (x86)\NVIDIA Corporation\PhysX\Common;C:\Program Files\NVIDIA Corporation\NVIDIA NvDLISR;C:\Program Files\nodejs\;C:\ProgramData\chocolatey\bin;C:\Program Files\Git\cmd;;C:\Program Files\Docker\Docker\resources\bin;C:\ProgramData\DockerDesktop\version-bin;C:\Program Files\dotnet\;C:\Program Files\GraalVM\bin;C:\Program Files\Java\jdk-17.0.1\bin;C:\Users\jacob\.cargo\bin;C:\Users\jacob\AppData\Local\Microsoft\WindowsApps;C:\Users\jacob\AppData\Local\gitkraken\bin;C:\Users\jacob\AppData\Roaming\npm;C:\Users\jacob\AppData\Local\Programs\Microsoft VS Code\bin;C:\Server\nginx;"C:\Users\jacob\AppData\Roaming\npm;C:\Program Files\dotnet\";C:\php\8.0.11;C:\Users\jacob\AppData\Local\Programs\oh-my-posh\bin;C:\Users\jacob\AppData\Local\Programs\oh-my-posh\themes;C:\tools\dart-sdk\bin;C:\Users\jacob\AppData\Roaming\Pub\Cache\bin;C:\tools\flutter\bin;C:\Users\jacob\.dotnet\tools";C:\php\8.0.11;C:\Users\jacob\AppData\Local\Programs\oh-my-posh\bin;C:\Users\jacob\AppData\Local\Programs\oh-my-posh\themes;C:\tools\dart-sdk\bin;C:\Users\jacob\AppData\Roaming\Pub\Cache\bin;C:\tools\flutter\bin;C:\Users\jacob\.dotnet\tools;C:\Users\jacob\go\bin

Yarn version: 
  1.22.17

Node version: 
  14.17.6

Platform: 
  win32 x64

Trace: 
  SyntaxError: C:\Users\jacob\Documents\Projects\C++\Malduino-w-Re\package.json: Unexpected string in JSON at position 382
      at JSON.parse (<anonymous>)
      at C:\Users\jacob\AppData\Roaming\npm\node_modules\yarn\lib\cli.js:1625:59
      at Generator.next (<anonymous>)
      at step (C:\Users\jacob\AppData\Roaming\npm\node_modules\yarn\lib\cli.js:310:30)
      at C:\Users\jacob\AppData\Roaming\npm\node_modules\yarn\lib\cli.js:321:13

npm manifest: 
  {
    "name": "Malduino-w-Re",
    "version": "1.0.0",
    "main": "index.js",
    "repository": "https://github.com/jacobtread/MalDuino-W.git",
    "author": "Jacobtread <jacobtread@gmail.com>",
    "license": "MIT",
    "scripts": {
      "web:install": "cd websvelte && yarn install",
      "web:build": "cd websvelte && yarn build",
      "web:convert": "yarn web:build && node webcoverter.js"
      "dev": "cd websvelte && sveltekit dev"
    }
  }

yarn manifest: 
  No manifest

Lockfile: 
  # THIS IS AN AUTOGENERATED FILE. DO NOT EDIT THIS FILE DIRECTLY.
  # yarn lockfile v1
